#
# There is insufficient memory for the Java Runtime Environment to continue.
# Native memory allocation (malloc) failed to allocate 1390160 bytes for Chunk::new
# Possible reasons:
#   The system is out of physical RAM or swap space
#   The process is running with CompressedOops enabled, and the Java Heap may be blocking the growth of the native heap
# Possible solutions:
#   Reduce memory load on the system
#   Increase physical memory or swap space
#   Check if swap backing store is full
#   Decrease Java heap size (-Xmx/-Xms)
#   Decrease number of Java threads
#   Decrease Java thread stack sizes (-Xss)
#   Set larger code cache with -XX:ReservedCodeCacheSize=
#   JVM is running with Unscaled Compressed Oops mode in which the Java heap is
#     placed in the first 4GB address space. The Java Heap base address is the
#     maximum limit for the native heap growth. Please use -XX:HeapBaseMinAddress
#     to set the Java Heap base and to place the Java Heap above 4GB virtual address.
# This output file may be truncated or incomplete.
#
#  Out of Memory Error (allocation.cpp:389), pid=6616, tid=0x00000000000023b8
#
# JRE version: OpenJDK Runtime Environment (8.0_212-b04) (build 1.8.0_212-release-1586-b04)
# Java VM: OpenJDK 64-Bit Server VM (25.212-b04 mixed mode windows-amd64 compressed oops)
# Failed to write core dump. Minidumps are not enabled by default on client versions of Windows
#

---------------  T H R E A D  ---------------

Current thread (0x0000000016c5e800):  JavaThread "C2 CompilerThread1" daemon [_thread_in_native, id=9144, stack(0x00000000183d0000,0x00000000184d0000)]

Stack: [0x00000000183d0000,0x00000000184d0000]
[error occurred during error reporting (printing stack bounds), id 0xc0000005]

Native frames: (J=compiled Java code, j=interpreted, Vv=VM code, C=native code)


Current CompileTask:
C2:  48108 3366       4       groovy.lang.MetaClassImpl$1MOPIter::methodNameAction (325 bytes)


---------------  P R O C E S S  ---------------

Java Threads: ( => current thread )
  0x000000001c05a800 JavaThread "Cache worker for execution history cache (C:\Users\vakal\.gradle\caches\5.4.1\executionHistory)" [_thread_blocked, id=13328, stack(0x000000001eac0000,0x000000001ebc0000)]
  0x0000000018e99800 JavaThread "Cache worker for cache directory md-rule (C:\Users\vakal\.gradle\caches\5.4.1\md-rule)" [_thread_blocked, id=12968, stack(0x000000001e9c0000,0x000000001eac0000)]
  0x0000000018e98800 JavaThread "Cache worker for cache directory md-supplier (C:\Users\vakal\.gradle\caches\5.4.1\md-supplier)" [_thread_blocked, id=3256, stack(0x000000001e6c0000,0x000000001e7c0000)]
  0x0000000018e9b800 JavaThread "Cache worker for file hash cache (E:\ANDROID\PROJECTS\Android\.gradle\5.4.1\fileHashes)" [_thread_blocked, id=10744, stack(0x000000001ddc0000,0x000000001dec0000)]
  0x0000000018e9b000 JavaThread "Cache worker for journal cache (C:\Users\vakal\.gradle\caches\journal-1)" [_thread_blocked, id=4100, stack(0x000000001b820000,0x000000001b920000)]
  0x0000000018e98000 JavaThread "File lock request listener" [_thread_in_native, id=3364, stack(0x000000001b720000,0x000000001b820000)]
  0x0000000018e9c800 JavaThread "Cache worker for file hash cache (C:\Users\vakal\.gradle\caches\5.4.1\fileHashes)" [_thread_blocked, id=12372, stack(0x000000001b620000,0x000000001b720000)]
  0x00000000187cd800 JavaThread "Thread-9" [_thread_blocked, id=9644, stack(0x000000001b520000,0x000000001b620000)]
  0x00000000187cd000 JavaThread "Stdin handler" [_thread_blocked, id=11276, stack(0x000000001b420000,0x000000001b520000)]
  0x000000001a019000 JavaThread "Asynchronous log dispatcher for DefaultDaemonConnection: socket connection from /127.0.0.1:50665 to /127.0.0.1:50666" [_thread_blocked, id=7220, stack(0x000000001b320000,0x000000001b420000)]
  0x000000001a017000 JavaThread "Daemon worker" [_thread_in_native, id=5860, stack(0x000000001b220000,0x000000001b320000)]
  0x000000001a01b000 JavaThread "Cancel handler" [_thread_blocked, id=14060, stack(0x000000001b120000,0x000000001b220000)]
  0x000000001a021800 JavaThread "Handler for socket connection from /127.0.0.1:50665 to /127.0.0.1:50666" [_thread_in_native, id=3128, stack(0x000000001ae20000,0x000000001af20000)]
  0x000000001a01e800 JavaThread "Daemon" [_thread_blocked, id=6280, stack(0x000000001ad20000,0x000000001ae20000)]
  0x000000001868b800 JavaThread "Daemon periodic checks" [_thread_blocked, id=9744, stack(0x000000001ac20000,0x000000001ad20000)]
  0x000000001868a800 JavaThread "Incoming local TCP Connector on port 50665" [_thread_in_native, id=12924, stack(0x000000001a9e0000,0x000000001aae0000)]
  0x0000000019ec4000 JavaThread "Daemon health stats" [_thread_blocked, id=3316, stack(0x000000001a3a0000,0x000000001a4a0000)]
  0x0000000016cbd000 JavaThread "Service Thread" daemon [_thread_blocked, id=1480, stack(0x00000000189d0000,0x0000000018ad0000)]
  0x0000000016cb7000 JavaThread "C1 CompilerThread2" daemon [_thread_blocked, id=7200, stack(0x00000000184d0000,0x00000000185d0000)]
=>0x0000000016c5e800 JavaThread "C2 CompilerThread1" daemon [_thread_in_native, id=9144, stack(0x00000000183d0000,0x00000000184d0000)]
  0x0000000016c5b000 JavaThread "C2 CompilerThread0" daemon [_thread_blocked, id=7484, stack(0x00000000182d0000,0x00000000183d0000)]
  0x0000000016c67800 JavaThread "Attach Listener" daemon [_thread_blocked, id=1864, stack(0x00000000181d0000,0x00000000182d0000)]
  0x0000000016c66000 JavaThread "Signal Dispatcher" daemon [_thread_blocked, id=12532, stack(0x00000000180d0000,0x00000000181d0000)]
  0x00000000032bb000 JavaThread "Finalizer" daemon [_thread_blocked, id=3004, stack(0x0000000017ec0000,0x0000000017fc0000)]
  0x0000000016c49000 JavaThread "Reference Handler" daemon [_thread_blocked, id=5384, stack(0x0000000017dc0000,0x0000000017ec0000)]
  0x00000000018ee000 JavaThread "main" [_thread_blocked, id=5832, stack(0x00000000030c0000,0x00000000031c0000)]

Other Threads:
  0x0000000016c26000 VMThread [stack: 0x0000000017cc0000,0x0000000017dc0000] [id=4464]
  0x0000000016cbe000 WatcherThread [stack: 0x0000000018ad0000,0x0000000018bd0000] [id=9080]

VM state:not at safepoint (normal execution)

VM Mutex/Monitor currently owned by a thread: None

heap address: 0x00000000a0000000, size: 1536 MB, Compressed Oops mode: 32-bit
Narrow klass base: 0x0000000000000000, Narrow klass shift: 3
Compressed class space size: 1073741824 Address: 0x0000000100000000

Heap:
 PSYoungGen      total 51712K, used 45283K [0x00000000e0000000, 0x00000000e3e00000, 0x0000000100000000)
  eden space 43008K, 97% used [0x00000000e0000000,0x00000000e28bea70,0x00000000e2a00000)
  from space 8704K, 40% used [0x00000000e3580000,0x00000000e38fa1e8,0x00000000e3e00000)
  to   space 10240K, 0% used [0x00000000e2a00000,0x00000000e2a00000,0x00000000e3400000)
 ParOldGen       total 59904K, used 14069K [0x00000000a0000000, 0x00000000a3a80000, 0x00000000e0000000)
  object space 59904K, 23% used [0x00000000a0000000,0x00000000a0dbd700,0x00000000a3a80000)
 Metaspace       used 38070K, capacity 38830K, committed 38912K, reserved 1083392K
  class space    used 5116K, capacity 5364K, committed 5376K, reserved 1048576K

Card table byte_map: [0x0000000012690000,0x00000000129a0000] byte_map_base: 0x0000000012190000

Marking Bits: (ParMarkBitMap*) 0x0000000055819f30
 Begin Bits: [0x0000000012fa0000, 0x00000000147a0000)
 End Bits:   [0x00000000147a0000, 0x0000000015fa0000)

Polling page: 0x00000000018d0000

CodeCache: size=245760Kb used=12426Kb max_used=12437Kb free=233334Kb
 bounds [0x00000000032d0000, 0x0000000003f00000, 0x00000000122d0000]
 total_blobs=3878 nmethods=3156 adapters=635
 compilation: enabled

Compilation events (10 events):
Event: 47.196 Thread 0x0000000016cb7000 3421       3       java.lang.Long::hashCode (8 bytes)
Event: 47.196 Thread 0x0000000016cb7000 nmethod 3421 0x0000000003ee84d0 code [0x0000000003ee8620, 0x0000000003ee87f0]
Event: 47.310 Thread 0x0000000016cb7000 3422  s    3       java.io.ByteArrayInputStream::read (101 bytes)
Event: 47.310 Thread 0x0000000016cb7000 nmethod 3422 0x0000000003ee7450 code [0x0000000003ee7600, 0x0000000003ee7d68]
Event: 47.312 Thread 0x0000000016cb7000 3423       3       java.util.concurrent.locks.ReentrantLock::isHeldByCurrentThread (8 bytes)
Event: 47.312 Thread 0x0000000016cb7000 nmethod 3423 0x0000000003ee6ed0 code [0x0000000003ee7040, 0x0000000003ee7390]
Event: 47.436 Thread 0x0000000016cb7000 3424       3       com.google.common.collect.ImmutableList::asImmutableList (18 bytes)
Event: 47.436 Thread 0x0000000016cb7000 nmethod 3424 0x0000000003ee64d0 code [0x0000000003ee6660, 0x0000000003ee6a90]
Event: 47.436 Thread 0x0000000016cb7000 3425       3       com.esotericsoftware.kryo.io.Input::readUtf8Length (139 bytes)
Event: 47.437 Thread 0x0000000016cb7000 nmethod 3425 0x0000000003ee5ed0 code [0x0000000003ee6040, 0x0000000003ee6390]

GC Heap History (10 events):
Event: 38.273 GC heap before
{Heap before GC invocations=10 (full 1):
 PSYoungGen      total 40960K, used 36624K [0x00000000e0000000, 0x00000000e3280000, 0x0000000100000000)
  eden space 31232K, 100% used [0x00000000e0000000,0x00000000e1e80000,0x00000000e1e80000)
  from space 9728K, 55% used [0x00000000e2900000,0x00000000e2e44018,0x00000000e3280000)
  to   space 10240K, 0% used [0x00000000e1e80000,0x00000000e1e80000,0x00000000e2880000)
 ParOldGen       total 46592K, used 8770K [0x00000000a0000000, 0x00000000a2d80000, 0x00000000e0000000)
  object space 46592K, 18% used [0x00000000a0000000,0x00000000a0890870,0x00000000a2d80000)
 Metaspace       used 30330K, capacity 30826K, committed 31104K, reserved 1075200K
  class space    used 4212K, capacity 4400K, committed 4480K, reserved 1048576K
Event: 38.284 GC heap after
Heap after GC invocations=10 (full 1):
 PSYoungGen      total 36864K, used 5721K [0x00000000e0000000, 0x00000000e3100000, 0x0000000100000000)
  eden space 30720K, 0% used [0x00000000e0000000,0x00000000e0000000,0x00000000e1e00000)
  from space 6144K, 93% used [0x00000000e1e80000,0x00000000e24166c0,0x00000000e2480000)
  to   space 9728K, 0% used [0x00000000e2780000,0x00000000e2780000,0x00000000e3100000)
 ParOldGen       total 46592K, used 8778K [0x00000000a0000000, 0x00000000a2d80000, 0x00000000e0000000)
  object space 46592K, 18% used [0x00000000a0000000,0x00000000a0892870,0x00000000a2d80000)
 Metaspace       used 30330K, capacity 30826K, committed 31104K, reserved 1075200K
  class space    used 4212K, capacity 4400K, committed 4480K, reserved 1048576K
}
Event: 41.617 GC heap before
{Heap before GC invocations=11 (full 1):
 PSYoungGen      total 36864K, used 36441K [0x00000000e0000000, 0x00000000e3100000, 0x0000000100000000)
  eden space 30720K, 100% used [0x00000000e0000000,0x00000000e1e00000,0x00000000e1e00000)
  from space 6144K, 93% used [0x00000000e1e80000,0x00000000e24166c0,0x00000000e2480000)
  to   space 9728K, 0% used [0x00000000e2780000,0x00000000e2780000,0x00000000e3100000)
 ParOldGen       total 46592K, used 8778K [0x00000000a0000000, 0x00000000a2d80000, 0x00000000e0000000)
  object space 46592K, 18% used [0x00000000a0000000,0x00000000a0892870,0x00000000a2d80000)
 Metaspace       used 33440K, capacity 33960K, committed 34176K, reserved 1079296K
  class space    used 4500K, capacity 4670K, committed 4736K, reserved 1048576K
Event: 41.645 GC heap after
Heap after GC invocations=11 (full 1):
 PSYoungGen      total 39936K, used 8221K [0x00000000e0000000, 0x00000000e3180000, 0x0000000100000000)
  eden space 30208K, 0% used [0x00000000e0000000,0x00000000e0000000,0x00000000e1d80000)
  from space 9728K, 84% used [0x00000000e2780000,0x00000000e2f875b0,0x00000000e3100000)
  to   space 10240K, 0% used [0x00000000e1d80000,0x00000000e1d80000,0x00000000e2780000)
 ParOldGen       total 46592K, used 8786K [0x00000000a0000000, 0x00000000a2d80000, 0x00000000e0000000)
  object space 46592K, 18% used [0x00000000a0000000,0x00000000a0894870,0x00000000a2d80000)
 Metaspace       used 33440K, capacity 33960K, committed 34176K, reserved 1079296K
  class space    used 4500K, capacity 4670K, committed 4736K, reserved 1048576K
}
Event: 42.501 GC heap before
{Heap before GC invocations=12 (full 1):
 PSYoungGen      total 39936K, used 23542K [0x00000000e0000000, 0x00000000e3180000, 0x0000000100000000)
  eden space 30208K, 50% used [0x00000000e0000000,0x00000000e0ef6300,0x00000000e1d80000)
  from space 9728K, 84% used [0x00000000e2780000,0x00000000e2f875b0,0x00000000e3100000)
  to   space 10240K, 0% used [0x00000000e1d80000,0x00000000e1d80000,0x00000000e2780000)
 ParOldGen       total 46592K, used 8786K [0x00000000a0000000, 0x00000000a2d80000, 0x00000000e0000000)
  object space 46592K, 18% used [0x00000000a0000000,0x00000000a0894870,0x00000000a2d80000)
 Metaspace       used 34692K, capacity 35392K, committed 35496K, reserved 1079296K
  class space    used 4582K, capacity 4761K, committed 4864K, reserved 1048576K
Event: 42.528 GC heap after
Heap after GC invocations=12 (full 1):
 PSYoungGen      total 40448K, used 6964K [0x00000000e0000000, 0x00000000e3f80000, 0x0000000100000000)
  eden space 30208K, 0% used [0x00000000e0000000,0x00000000e0000000,0x00000000e1d80000)
  from space 10240K, 68% used [0x00000000e1d80000,0x00000000e244d2d0,0x00000000e2780000)
  to   space 10240K, 0% used [0x00000000e3580000,0x00000000e3580000,0x00000000e3f80000)
 ParOldGen       total 46592K, used 8794K [0x00000000a0000000, 0x00000000a2d80000, 0x00000000e0000000)
  object space 46592K, 18% used [0x00000000a0000000,0x00000000a0896870,0x00000000a2d80000)
 Metaspace       used 34692K, capacity 35392K, committed 35496K, reserved 1079296K
  class space    used 4582K, capacity 4761K, committed 4864K, reserved 1048576K
}
Event: 42.528 GC heap before
{Heap before GC invocations=13 (full 2):
 PSYoungGen      total 40448K, used 6964K [0x00000000e0000000, 0x00000000e3f80000, 0x0000000100000000)
  eden space 30208K, 0% used [0x00000000e0000000,0x00000000e0000000,0x00000000e1d80000)
  from space 10240K, 68% used [0x00000000e1d80000,0x00000000e244d2d0,0x00000000e2780000)
  to   space 10240K, 0% used [0x00000000e3580000,0x00000000e3580000,0x00000000e3f80000)
 ParOldGen       total 46592K, used 8794K [0x00000000a0000000, 0x00000000a2d80000, 0x00000000e0000000)
  object space 46592K, 18% used [0x00000000a0000000,0x00000000a0896870,0x00000000a2d80000)
 Metaspace       used 34692K, capacity 35392K, committed 35496K, reserved 1079296K
  class space    used 4582K, capacity 4761K, committed 4864K, reserved 1048576K
Event: 42.623 GC heap after
Heap after GC invocations=13 (full 2):
 PSYoungGen      total 40448K, used 0K [0x00000000e0000000, 0x00000000e3f80000, 0x0000000100000000)
  eden space 30208K, 0% used [0x00000000e0000000,0x00000000e0000000,0x00000000e1d80000)
  from space 10240K, 0% used [0x00000000e1d80000,0x00000000e1d80000,0x00000000e2780000)
  to   space 10240K, 0% used [0x00000000e3580000,0x00000000e3580000,0x00000000e3f80000)
 ParOldGen       total 59904K, used 14061K [0x00000000a0000000, 0x00000000a3a80000, 0x00000000e0000000)
  object space 59904K, 23% used [0x00000000a0000000,0x00000000a0dbb700,0x00000000a3a80000)
 Metaspace       used 34646K, capacity 35288K, committed 35496K, reserved 1079296K
  class space    used 4571K, capacity 4749K, committed 4864K, reserved 1048576K
}
Event: 45.096 GC heap before
{Heap before GC invocations=14 (full 2):
 PSYoungGen      total 40448K, used 30208K [0x00000000e0000000, 0x00000000e3f80000, 0x0000000100000000)
  eden space 30208K, 100% used [0x00000000e0000000,0x00000000e1d80000,0x00000000e1d80000)
  from space 10240K, 0% used [0x00000000e1d80000,0x00000000e1d80000,0x00000000e2780000)
  to   space 10240K, 0% used [0x00000000e3580000,0x00000000e3580000,0x00000000e3f80000)
 ParOldGen       total 59904K, used 14061K [0x00000000a0000000, 0x00000000a3a80000, 0x00000000e0000000)
  object space 59904K, 23% used [0x00000000a0000000,0x00000000a0dbb700,0x00000000a3a80000)
 Metaspace       used 36286K, capacity 37008K, committed 37120K, reserved 1081344K
  class space    used 4824K, capacity 5045K, committed 5120K, reserved 1048576K
Event: 45.102 GC heap after
Heap after GC invocations=14 (full 2):
 PSYoungGen      total 51712K, used 3560K [0x00000000e0000000, 0x00000000e3e00000, 0x0000000100000000)
  eden space 43008K, 0% used [0x00000000e0000000,0x00000000e0000000,0x00000000e2a00000)
  from space 8704K, 40% used [0x00000000e3580000,0x00000000e38fa1e8,0x00000000e3e00000)
  to   space 10240K, 0% used [0x00000000e2a00000,0x00000000e2a00000,0x00000000e3400000)
 ParOldGen       total 59904K, used 14069K [0x00000000a0000000, 0x00000000a3a80000, 0x00000000e0000000)
  object space 59904K, 23% used [0x00000000a0000000,0x00000000a0dbd700,0x00000000a3a80000)
 Metaspace       used 36286K, capacity 37008K, committed 37120K, reserved 1081344K
  class space    used 4824K, capacity 5045K, committed 5120K, reserved 1048576K
}

Deoptimization events (10 events):
Event: 44.801 Thread 0x000000001a017000 Uncommon trap: reason=unstable_if action=reinterpret pc=0x000000000375546c method=java.util.HashMap.putVal(ILjava/lang/Object;Ljava/lang/Object;ZZ)Ljava/lang/Object; @ 85
Event: 44.928 Thread 0x000000001a017000 Uncommon trap: reason=unstable_if action=reinterpret pc=0x0000000003d85a94 method=java.util.HashMap.getNode(ILjava/lang/Object;)Ljava/util/HashMap$Node; @ 53
Event: 45.369 Thread 0x000000001a017000 Uncommon trap: reason=unstable_if action=reinterpret pc=0x00000000038faeac method=java.net.URLStreamHandler.sameFile(Ljava/net/URL;Ljava/net/URL;)Z @ 63
Event: 45.541 Thread 0x000000001a017000 Uncommon trap: reason=bimorphic action=maybe_recompile pc=0x0000000003dcbdb4 method=org.codehaus.groovy.runtime.metaclass.MetaMethodIndex.addMethodToList(Ljava/lang/Object;Lgroovy/lang/MetaMethod;)Ljava/lang/Object; @ 96
Event: 45.542 Thread 0x000000001a017000 Uncommon trap: reason=unstable_if action=reinterpret pc=0x0000000003dcbd58 method=org.codehaus.groovy.runtime.metaclass.MetaMethodIndex.isNonRealMethod(Lgroovy/lang/MetaMethod;)Z @ 4
Event: 45.654 Thread 0x000000001a017000 Uncommon trap: reason=unstable_if action=reinterpret pc=0x0000000003d5e4c4 method=java.lang.ClassLoader.checkCerts(Ljava/lang/String;Ljava/security/CodeSource;)V @ 29
Event: 45.797 Thread 0x000000001a017000 Uncommon trap: reason=unstable_if action=reinterpret pc=0x0000000003a86910 method=org.gradle.internal.reflect.PropertyAccessorType.isGetGetterName(Ljava/lang/String;)Z @ 14
Event: 46.590 Thread 0x000000001a017000 Uncommon trap: reason=range_check action=make_not_entrant pc=0x0000000003de1fe8 method=java.lang.String.charAt(I)C @ 27
Event: 46.644 Thread 0x000000001a017000 Uncommon trap: reason=unstable_if action=reinterpret pc=0x0000000003c420f8 method=java.util.regex.Pattern$CharProperty.match(Ljava/util/regex/Matcher;ILjava/lang/CharSequence;)Z @ 40
Event: 46.656 Thread 0x000000001a017000 Uncommon trap: reason=unstable_if action=reinterpret pc=0x0000000003881a20 method=java.net.URI.match(CJJ)Z @ 45

Classes redefined (0 events):
No events

Internal exceptions (10 events):
Event: 46.159 Thread 0x000000001a017000 Exception <a 'java/lang/ClassNotFoundException': org/gradle/api/internal/artifacts/DefaultArtifactRepositoryContainerBeanInfo> (0x00000000e1505288) thrown at [D:\src\AOSP-openjdk-cygwin\jdk8u\hotspot\src\share\vm\classfile\systemDictionary.cpp, line 210]
Event: 46.160 Thread 0x000000001a017000 Exception <a 'java/lang/ClassNotFoundException': org/gradle/api/internal/DefaultNamedDomainObjectListBeanInfo> (0x00000000e1533ae0) thrown at [D:\src\AOSP-openjdk-cygwin\jdk8u\hotspot\src\share\vm\classfile\systemDictionary.cpp, line 210]
Event: 46.161 Thread 0x000000001a017000 Exception <a 'java/lang/ClassNotFoundException': org/gradle/api/internal/DefaultNamedDomainObjectCollectionBeanInfo> (0x00000000e1564148) thrown at [D:\src\AOSP-openjdk-cygwin\jdk8u\hotspot\src\share\vm\classfile\systemDictionary.cpp, line 210]
Event: 46.162 Thread 0x000000001a017000 Exception <a 'java/lang/ClassNotFoundException': org/gradle/api/internal/DefaultDomainObjectCollectionBeanInfo> (0x00000000e1593558) thrown at [D:\src\AOSP-openjdk-cygwin\jdk8u\hotspot\src\share\vm\classfile\systemDictionary.cpp, line 210]
Event: 46.164 Thread 0x000000001a017000 Exception <a 'java/lang/ClassNotFoundException': org/gradle/api/internal/DefaultDomainObjectCollectionCustomizer> (0x00000000e15c32f0) thrown at [D:\src\AOSP-openjdk-cygwin\jdk8u\hotspot\src\share\vm\classfile\systemDictionary.cpp, line 210]
Event: 46.167 Thread 0x000000001a017000 Exception <a 'java/lang/ClassNotFoundException': org/gradle/api/internal/DefaultNamedDomainObjectCollectionCustomizer> (0x00000000e161bd80) thrown at [D:\src\AOSP-openjdk-cygwin\jdk8u\hotspot\src\share\vm\classfile\systemDictionary.cpp, line 210]
Event: 46.172 Thread 0x000000001a017000 Exception <a 'java/lang/ClassNotFoundException': org/gradle/api/internal/DefaultNamedDomainObjectListCustomizer> (0x00000000e1684568) thrown at [D:\src\AOSP-openjdk-cygwin\jdk8u\hotspot\src\share\vm\classfile\systemDictionary.cpp, line 210]
Event: 46.175 Thread 0x000000001a017000 Exception <a 'java/lang/ClassNotFoundException': org/gradle/api/internal/artifacts/DefaultArtifactRepositoryContainerCustomizer> (0x00000000e16f04a8) thrown at [D:\src\AOSP-openjdk-cygwin\jdk8u\hotspot\src\share\vm\classfile\systemDictionary.cpp, line 210
Event: 46.255 Thread 0x000000001a017000 Exception <a 'java/lang/ClassNotFoundException': org/gradle/api/internal/artifacts/dsl/DefaultRepositoryHandlerCustomizer> (0x00000000e174d9e0) thrown at [D:\src\AOSP-openjdk-cygwin\jdk8u\hotspot\src\share\vm\classfile\systemDictionary.cpp, line 210]
Event: 46.269 Thread 0x000000001a017000 Exception <a 'java/lang/ClassNotFoundException': org/gradle/api/internal/artifacts/dsl/DefaultRepositoryHandler_DecoratedCustomizer> (0x00000000e17c0dd8) thrown at [D:\src\AOSP-openjdk-cygwin\jdk8u\hotspot\src\share\vm\classfile\systemDictionary.cpp, line

Events (10 events):
Event: 47.437 loading class org/gradle/internal/component/external/model/maven/DefaultMutableMavenModuleResolveMetadata
Event: 47.437 loading class org/gradle/internal/component/external/model/maven/DefaultMutableMavenModuleResolveMetadata done
Event: 47.469 loading class org/gradle/internal/component/external/model/AbstractMutableModuleComponentResolveMetadata
Event: 47.469 loading class org/gradle/internal/component/external/model/AbstractMutableModuleComponentResolveMetadata done
Event: 47.712 loading class org/gradle/internal/component/external/model/MutableComponentVariant
Event: 47.712 loading class org/gradle/internal/component/external/model/MutableComponentVariant done
Event: 47.713 loading class org/gradle/internal/component/external/model/maven/MavenModuleResolveMetadata
Event: 47.713 loading class org/gradle/internal/component/external/model/maven/MavenModuleResolveMetadata done
Event: 47.713 loading class org/gradle/internal/component/external/model/VariantMetadataRules
Event: 47.713 loading class org/gradle/internal/component/external/model/VariantMetadataRules done


Dynamic libraries:
0x00007ff6bfb60000 - 0x00007ff6bfb91000 	C:\Program Files\Android\Android Studio\jre\bin\java.exe
0x00007ffb2b6b0000 - 0x00007ffb2b8a5000 	C:\WINDOWS\SYSTEM32\ntdll.dll
0x00007ffb29720000 - 0x00007ffb297dd000 	C:\WINDOWS\System32\KERNEL32.DLL
0x00007ffb29260000 - 0x00007ffb29527000 	C:\WINDOWS\System32\KERNELBASE.dll
0x00007ffb2b580000 - 0x00007ffb2b62a000 	C:\WINDOWS\System32\ADVAPI32.dll
0x00007ffb29930000 - 0x00007ffb299ce000 	C:\WINDOWS\System32\msvcrt.dll
0x00007ffb2b210000 - 0x00007ffb2b2ab000 	C:\WINDOWS\System32\sechost.dll
0x00007ffb2ad90000 - 0x00007ffb2aeb3000 	C:\WINDOWS\System32\RPCRT4.dll
0x00007ffb2abd0000 - 0x00007ffb2ad70000 	C:\WINDOWS\System32\USER32.dll
0x00007ffb29230000 - 0x00007ffb29252000 	C:\WINDOWS\System32\win32u.dll
0x00007ffb2b2b0000 - 0x00007ffb2b2da000 	C:\WINDOWS\System32\GDI32.dll
0x00007ffb290a0000 - 0x00007ffb291aa000 	C:\WINDOWS\System32\gdi32full.dll
0x00007ffb29530000 - 0x00007ffb295cd000 	C:\WINDOWS\System32\msvcp_win.dll
0x00007ffb295d0000 - 0x00007ffb296d0000 	C:\WINDOWS\System32\ucrtbase.dll
0x00007ffb1e280000 - 0x00007ffb1e51a000 	C:\WINDOWS\WinSxS\amd64_microsoft.windows.common-controls_6595b64144ccf1df_6.0.19041.1_none_b555e41d4684ddec\COMCTL32.dll
0x00007ffb2b640000 - 0x00007ffb2b670000 	C:\WINDOWS\System32\IMM32.DLL
0x0000000054f70000 - 0x0000000055042000 	C:\Program Files\Android\Android Studio\jre\jre\bin\msvcr100.dll
0x0000000055050000 - 0x0000000055896000 	C:\Program Files\Android\Android Studio\jre\jre\bin\server\jvm.dll
0x00007ffb2b630000 - 0x00007ffb2b638000 	C:\WINDOWS\System32\PSAPI.DLL
0x00007ffb24fb0000 - 0x00007ffb24fb9000 	C:\WINDOWS\SYSTEM32\WSOCK32.dll
0x00007ffb23d30000 - 0x00007ffb23d3a000 	C:\WINDOWS\SYSTEM32\VERSION.dll
0x00007ffb22a40000 - 0x00007ffb22a67000 	C:\WINDOWS\SYSTEM32\WINMM.dll
0x00007ffb2b3f0000 - 0x00007ffb2b45b000 	C:\WINDOWS\System32\WS2_32.dll
0x00007ffad3450000 - 0x00007ffad345f000 	C:\Program Files\Android\Android Studio\jre\jre\bin\verify.dll
0x00007ffad3470000 - 0x00007ffad3499000 	C:\Program Files\Android\Android Studio\jre\jre\bin\java.dll
0x00007ffae6460000 - 0x00007ffae6476000 	C:\Program Files\Android\Android Studio\jre\jre\bin\zip.dll
0x00007ffb29fd0000 - 0x00007ffb2a710000 	C:\WINDOWS\System32\SHELL32.dll
0x00007ffb26d40000 - 0x00007ffb274d1000 	C:\WINDOWS\SYSTEM32\windows.storage.dll
0x00007ffb2a720000 - 0x00007ffb2aa73000 	C:\WINDOWS\System32\combase.dll
0x00007ffb287b0000 - 0x00007ffb287dc000 	C:\WINDOWS\SYSTEM32\Wldp.dll
0x00007ffb2b160000 - 0x00007ffb2b20e000 	C:\WINDOWS\System32\SHCORE.dll
0x00007ffb298c0000 - 0x00007ffb29915000 	C:\WINDOWS\System32\shlwapi.dll
0x00007ffb28d40000 - 0x00007ffb28d5f000 	C:\WINDOWS\SYSTEM32\profapi.dll
0x00007ffad0200000 - 0x00007ffad021a000 	C:\Program Files\Android\Android Studio\jre\jre\bin\net.dll
0x00007ffb1fe10000 - 0x00007ffb1fffd000 	C:\WINDOWS\SYSTEM32\urlmon.dll
0x00007ffb199d0000 - 0x00007ffb19c7f000 	C:\WINDOWS\SYSTEM32\iertutil.dll
0x00007ffb28530000 - 0x00007ffb2859a000 	C:\WINDOWS\system32\mswsock.dll
0x00007ffacfe80000 - 0x00007ffacfe93000 	C:\Program Files\Android\Android Studio\jre\jre\bin\nio.dll
0x00007ffb1e160000 - 0x00007ffb1e186000 	C:\Users\vakal\.gradle\native\29\windows-amd64\native-platform.dll
0x00007ffada4e0000 - 0x00007ffada4ed000 	C:\Program Files\Android\Android Studio\jre\jre\bin\management.dll
0x00007ffb28710000 - 0x00007ffb28728000 	C:\WINDOWS\SYSTEM32\CRYPTSP.dll
0x00007ffb27ec0000 - 0x00007ffb27ef4000 	C:\WINDOWS\system32\rsaenh.dll
0x00007ffb28e00000 - 0x00007ffb28e27000 	C:\WINDOWS\System32\bcrypt.dll
0x00007ffb28c90000 - 0x00007ffb28cbe000 	C:\WINDOWS\SYSTEM32\USERENV.dll
0x00007ffb291b0000 - 0x00007ffb2922f000 	C:\WINDOWS\System32\bcryptprimitives.dll
0x00007ffb28700000 - 0x00007ffb2870c000 	C:\WINDOWS\SYSTEM32\CRYPTBASE.dll
0x00007ffb28220000 - 0x00007ffb2825b000 	C:\WINDOWS\SYSTEM32\IPHLPAPI.DLL
0x00007ffb2a710000 - 0x00007ffb2a719000 	C:\WINDOWS\System32\NSI.dll
0x00007ffb227c0000 - 0x00007ffb227d7000 	C:\WINDOWS\SYSTEM32\dhcpcsvc6.DLL
0x00007ffb22420000 - 0x00007ffb2243d000 	C:\WINDOWS\SYSTEM32\dhcpcsvc.DLL
0x00007ffb28270000 - 0x00007ffb2833a000 	C:\WINDOWS\SYSTEM32\DNSAPI.dll

VM Arguments:
jvm_args: -Xmx1536m -Dfile.encoding=windows-1252 -Duser.country=IN -Duser.language=en -Duser.variant 
java_command: org.gradle.launcher.daemon.bootstrap.GradleDaemon 5.4.1
java_class_path (initial): C:\Users\vakal\.gradle\wrapper\dists\gradle-5.4.1-all\3221gyojl5jsh0helicew7rwx\gradle-5.4.1\lib\gradle-launcher-5.4.1.jar
Launcher Type: SUN_STANDARD

Environment Variables:
PATH=C:\Program Files (x86)\Common Files\Intel\Shared Libraries\redist\intel64\compiler;C:\WINDOWS\system32;C:\WINDOWS;C:\WINDOWS\System32\Wbem;C:\WINDOWS\System32\WindowsPowerShell\v1.0\;C:\Program Files (x86)\QuickTime\QTSystem\;C:\WINDOWS\System32\OpenSSH\;C:\Program Files\Intel\WiFi\bin\;C:\Program Files\Common Files\Intel\WirelessCommon\;C:\Program Files\MATLAB\R2018a\runtime\win64;C:\Program Files\MATLAB\R2018a\bin;C:\Program Files (x86)\Microsoft SQL Server\150\DTS\Binn\;C:\Program Files\Microsoft SQL Server\Client SDK\ODBC\170\Tools\Binn\;C:\Program Files (x86)\Microsoft SQL Server\150\Tools\Binn\;C:\Program Files\Microsoft SQL Server\150\Tools\Binn\;C:\Program Files\Microsoft SQL Server\150\DTS\Binn\;C:\Users\vakal\AppData\Local\Microsoft\WindowsApps;
USERNAME=vakal
OS=Windows_NT
PROCESSOR_IDENTIFIER=Intel64 Family 6 Model 78 Stepping 3, GenuineIntel



---------------  S Y S T E M  ---------------

OS: Windows 10.0 , 64 bit Build 19041 (10.0.19041.292)

CPU:total 4 (initial active 4) (2 cores per cpu, 2 threads per core) family 6 model 78 stepping 3, cmov, cx8, fxsr, mmx, sse, sse2, sse3, ssse3, sse4.1, sse4.2, popcnt, avx, avx2, aes, clmul, erms, 3dnowpref, lzcnt, ht, tsc, tscinvbit, bmi1, bmi2, adx

Memory: 4k page, physical 8277996k(1016448k free), swap 10229740k(9712k free)

vm_info: OpenJDK 64-Bit Server VM (25.212-b04) for windows-amd64 JRE (1.8.0_212-release-1586-b04), built by "builder" with MS VC++ 10.0 (VS2010)

time: Sun Sep 06 11:46:06 2020
timezone: India Standard Time
elapsed time: 49 seconds (0d 0h 0m 49s)

