#
# There is insufficient memory for the Java Runtime Environment to continue.
# Native memory allocation (malloc) failed to allocate 32744 bytes for ChunkPool::allocate
# Possible reasons:
#   The system is out of physical RAM or swap space
#   The process is running with CompressedOops enabled, and the Java Heap may be blocking the growth of the native heap
# Possible solutions:
#   Reduce memory load on the system
#   Increase physical memory or swap space
#   Check if swap backing store is full
#   Decrease Java heap size (-Xmx/-Xms)
#   Decrease number of Java threads
#   Decrease Java thread stack sizes (-Xss)
#   Set larger code cache with -XX:ReservedCodeCacheSize=
#   JVM is running with Unscaled Compressed Oops mode in which the Java heap is
#     placed in the first 4GB address space. The Java Heap base address is the
#     maximum limit for the native heap growth. Please use -XX:HeapBaseMinAddress
#     to set the Java Heap base and to place the Java Heap above 4GB virtual address.
# This output file may be truncated or incomplete.
#
#  Out of Memory Error (allocation.cpp:272), pid=14216, tid=0x0000000000001078
#
# JRE version: OpenJDK Runtime Environment (8.0_212-b04) (build 1.8.0_212-release-1586-b04)
# Java VM: OpenJDK 64-Bit Server VM (25.212-b04 mixed mode windows-amd64 compressed oops)
# Failed to write core dump. Minidumps are not enabled by default on client versions of Windows
#

---------------  T H R E A D  ---------------

Current thread (0x00000000162ab800):  JavaThread "C1 CompilerThread2" daemon [_thread_in_native, id=4216, stack(0x0000000017af0000,0x0000000017bf0000)]

Stack: [0x0000000017af0000,0x0000000017bf0000]
[error occurred during error reporting (printing stack bounds), id 0xc0000005]

Native frames: (J=compiled Java code, j=interpreted, Vv=VM code, C=native code)


Current CompileTask:
C1:   4437 1500 %     3       com.google.common.io.LineBuffer::add @ 47 (204 bytes)


---------------  P R O C E S S  ---------------

Java Threads: ( => current thread )
  0x0000000018eb0000 JavaThread "Cache worker for journal cache (C:\Users\vakal\.gradle\caches\journal-1)" [_thread_blocked, id=7988, stack(0x000000001ae40000,0x000000001af40000)]
  0x0000000018ead800 JavaThread "File lock request listener" [_thread_in_native, id=13816, stack(0x000000001ad40000,0x000000001ae40000)]
  0x00000000188f9800 JavaThread "Cache worker for file hash cache (C:\Users\vakal\.gradle\caches\5.4.1\fileHashes)" [_thread_blocked, id=9796, stack(0x000000001ac40000,0x000000001ad40000)]
  0x0000000018332800 JavaThread "Thread-9" [_thread_blocked, id=2916, stack(0x000000001ab40000,0x000000001ac40000)]
  0x00000000193a1000 JavaThread "Stdin handler" [_thread_blocked, id=8992, stack(0x000000001aa40000,0x000000001ab40000)]
  0x000000001939f800 JavaThread "Asynchronous log dispatcher for DefaultDaemonConnection: socket connection from /127.0.0.1:50698 to /127.0.0.1:50699" [_thread_blocked, id=8736, stack(0x000000001a940000,0x000000001aa40000)]
  0x0000000019403800 JavaThread "Daemon worker" [_thread_blocked, id=5704, stack(0x000000001a840000,0x000000001a940000)]
  0x0000000019402000 JavaThread "Cancel handler" [_thread_blocked, id=10568, stack(0x000000001a740000,0x000000001a840000)]
  0x000000001832a000 JavaThread "Handler for socket connection from /127.0.0.1:50698 to /127.0.0.1:50699" [_thread_in_native, id=4396, stack(0x000000001a440000,0x000000001a540000)]
  0x0000000017e72000 JavaThread "Daemon" [_thread_blocked, id=9124, stack(0x000000001a340000,0x000000001a440000)]
  0x0000000017ca1000 JavaThread "Daemon periodic checks" [_thread_blocked, id=9692, stack(0x000000001a240000,0x000000001a340000)]
  0x0000000017c93000 JavaThread "Incoming local TCP Connector on port 50698" [_thread_in_native, id=11692, stack(0x000000001a000000,0x000000001a100000)]
  0x0000000019204000 JavaThread "Daemon health stats" [_thread_blocked, id=4672, stack(0x00000000199c0000,0x0000000019ac0000)]
  0x0000000017c19800 JavaThread "Service Thread" daemon [_thread_blocked, id=14048, stack(0x0000000017ff0000,0x00000000180f0000)]
=>0x00000000162ab800 JavaThread "C1 CompilerThread2" daemon [_thread_in_native, id=4216, stack(0x0000000017af0000,0x0000000017bf0000)]
  0x000000001629f000 JavaThread "C2 CompilerThread1" daemon [_thread_in_native, id=11768, stack(0x00000000179f0000,0x0000000017af0000)]
  0x000000001629b000 JavaThread "C2 CompilerThread0" daemon [_thread_blocked, id=10532, stack(0x00000000178f0000,0x00000000179f0000)]
  0x00000000162a7800 JavaThread "Attach Listener" daemon [_thread_blocked, id=13560, stack(0x00000000177f0000,0x00000000178f0000)]
  0x00000000162a6000 JavaThread "Signal Dispatcher" daemon [_thread_blocked, id=9756, stack(0x00000000176f0000,0x00000000177f0000)]
  0x000000000292b800 JavaThread "Finalizer" daemon [_thread_blocked, id=10288, stack(0x00000000174f0000,0x00000000175f0000)]
  0x0000000016289000 JavaThread "Reference Handler" daemon [_thread_blocked, id=4536, stack(0x00000000173f0000,0x00000000174f0000)]
  0x000000000272e000 JavaThread "main" [_thread_blocked, id=3296, stack(0x0000000002730000,0x0000000002830000)]

Other Threads:
  0x0000000016266000 VMThread [stack: 0x00000000172f0000,0x00000000173f0000] [id=5888]
  0x0000000017c1c000 WatcherThread [stack: 0x00000000180f0000,0x00000000181f0000] [id=10928]

VM state:at safepoint (normal execution)

VM Mutex/Monitor currently owned by a thread:  ([mutex/lock_event])
[0x000000000272cf20] Threads_lock - owner thread: 0x0000000016266000
[0x000000000272d620] Heap_lock - owner thread: 0x0000000019403800

heap address: 0x00000000a0000000, size: 1536 MB, Compressed Oops mode: 32-bit
Narrow klass base: 0x0000000000000000, Narrow klass shift: 3
Compressed class space size: 1073741824 Address: 0x0000000100000000

Heap:
 PSYoungGen      total 38400K, used 5111K [0x00000000e0000000, 0x00000000e2a80000, 0x0000000100000000)
  eden space 33280K, 0% used [0x00000000e0000000,0x00000000e0000000,0x00000000e2080000)
  from space 5120K, 99% used [0x00000000e2580000,0x00000000e2a7ded8,0x00000000e2a80000)
  to   space 5120K, 0% used [0x00000000e2080000,0x00000000e2080000,0x00000000e2580000)
 ParOldGen       total 87552K, used 4138K [0x00000000a0000000, 0x00000000a5580000, 0x00000000e0000000)
  object space 87552K, 4% used [0x00000000a0000000,0x00000000a040aaf8,0x00000000a5580000)
 Metaspace       used 15435K, capacity 15848K, committed 16000K, reserved 1067008K
  class space    used 2184K, capacity 2328K, committed 2432K, reserved 1048576K

Card table byte_map: [0x0000000011cf0000,0x0000000012000000] byte_map_base: 0x00000000117f0000

Marking Bits: (ParMarkBitMap*) 0x0000000055819f30
 Begin Bits: [0x0000000012600000, 0x0000000013e00000)
 End Bits:   [0x0000000013e00000, 0x0000000015600000)

Polling page: 0x0000000000d40000

CodeCache: size=245760Kb used=5234Kb max_used=5234Kb free=240525Kb
 bounds [0x0000000002930000, 0x0000000002e50000, 0x0000000011930000]
 total_blobs=1882 nmethods=1492 adapters=303
 compilation: enabled

Compilation events (10 events):
Event: 4.386 Thread 0x00000000162ab800 nmethod 1494 0x0000000002e4b190 code [0x0000000002e4b320, 0x0000000002e4b728]
Event: 4.386 Thread 0x00000000162ab800 1495       3       com.google.common.base.AbstractIterator::<init> (12 bytes)
Event: 4.386 Thread 0x00000000162ab800 nmethod 1495 0x0000000002e4b950 code [0x0000000002e4bac0, 0x0000000002e4bc90]
Event: 4.387 Thread 0x00000000162ab800 1496       3       com.google.common.base.Splitter::splitToList (49 bytes)
Event: 4.389 Thread 0x00000000162ab800 nmethod 1496 0x0000000002e4bd50 code [0x0000000002e4c000, 0x0000000002e4d2d8]
Event: 4.389 Thread 0x00000000162ab800 1497       3       com.google.common.base.Splitter$SplittingIterator::<init> (39 bytes)
Event: 4.390 Thread 0x00000000162ab800 nmethod 1497 0x0000000002e4de50 code [0x0000000002e4dfc0, 0x0000000002e4e270]
Event: 4.391 Thread 0x00000000162ab800 1499       1       java.nio.Buffer::capacity (5 bytes)
Event: 4.391 Thread 0x00000000162ab800 nmethod 1499 0x0000000002e4e390 code [0x0000000002e4e4e0, 0x0000000002e4e5f0]
Event: 4.395 Thread 0x00000000162ab800 1500 %     3       com.google.common.io.LineBuffer::add @ 47 (204 bytes)

GC Heap History (6 events):
Event: 1.234 GC heap before
{Heap before GC invocations=1 (full 0):
 PSYoungGen      total 38400K, used 33280K [0x00000000e0000000, 0x00000000e2a80000, 0x0000000100000000)
  eden space 33280K, 100% used [0x00000000e0000000,0x00000000e2080000,0x00000000e2080000)
  from space 5120K, 0% used [0x00000000e2580000,0x00000000e2580000,0x00000000e2a80000)
  to   space 5120K, 0% used [0x00000000e2080000,0x00000000e2080000,0x00000000e2580000)
 ParOldGen       total 87552K, used 0K [0x00000000a0000000, 0x00000000a5580000, 0x00000000e0000000)
  object space 87552K, 0% used [0x00000000a0000000,0x00000000a0000000,0x00000000a5580000)
 Metaspace       used 6957K, capacity 7176K, committed 7424K, reserved 1056768K
  class space    used 850K, capacity 908K, committed 1024K, reserved 1048576K
Event: 1.242 GC heap after
Heap after GC invocations=1 (full 0):
 PSYoungGen      total 38400K, used 4211K [0x00000000e0000000, 0x00000000e2a80000, 0x0000000100000000)
  eden space 33280K, 0% used [0x00000000e0000000,0x00000000e0000000,0x00000000e2080000)
  from space 5120K, 82% used [0x00000000e2080000,0x00000000e249ccc0,0x00000000e2580000)
  to   space 5120K, 0% used [0x00000000e2580000,0x00000000e2580000,0x00000000e2a80000)
 ParOldGen       total 87552K, used 8K [0x00000000a0000000, 0x00000000a5580000, 0x00000000e0000000)
  object space 87552K, 0% used [0x00000000a0000000,0x00000000a0002000,0x00000000a5580000)
 Metaspace       used 6957K, capacity 7176K, committed 7424K, reserved 1056768K
  class space    used 850K, capacity 908K, committed 1024K, reserved 1048576K
}
Event: 1.864 GC heap before
{Heap before GC invocations=2 (full 0):
 PSYoungGen      total 38400K, used 37491K [0x00000000e0000000, 0x00000000e2a80000, 0x0000000100000000)
  eden space 33280K, 100% used [0x00000000e0000000,0x00000000e2080000,0x00000000e2080000)
  from space 5120K, 82% used [0x00000000e2080000,0x00000000e249ccc0,0x00000000e2580000)
  to   space 5120K, 0% used [0x00000000e2580000,0x00000000e2580000,0x00000000e2a80000)
 ParOldGen       total 87552K, used 8K [0x00000000a0000000, 0x00000000a5580000, 0x00000000e0000000)
  object space 87552K, 0% used [0x00000000a0000000,0x00000000a0002000,0x00000000a5580000)
 Metaspace       used 8951K, capacity 9196K, committed 9472K, reserved 1056768K
  class space    used 1170K, capacity 1258K, committed 1280K, reserved 1048576K
Event: 1.870 GC heap after
Heap after GC invocations=2 (full 0):
 PSYoungGen      total 38400K, used 4545K [0x00000000e0000000, 0x00000000e2a80000, 0x0000000100000000)
  eden space 33280K, 0% used [0x00000000e0000000,0x00000000e0000000,0x00000000e2080000)
  from space 5120K, 88% used [0x00000000e2580000,0x00000000e29f05a8,0x00000000e2a80000)
  to   space 5120K, 0% used [0x00000000e2080000,0x00000000e2080000,0x00000000e2580000)
 ParOldGen       total 87552K, used 16K [0x00000000a0000000, 0x00000000a5580000, 0x00000000e0000000)
  object space 87552K, 0% used [0x00000000a0000000,0x00000000a0004000,0x00000000a5580000)
 Metaspace       used 8951K, capacity 9196K, committed 9472K, reserved 1056768K
  class space    used 1170K, capacity 1258K, committed 1280K, reserved 1048576K
}
Event: 3.983 GC heap before
{Heap before GC invocations=3 (full 0):
 PSYoungGen      total 38400K, used 37825K [0x00000000e0000000, 0x00000000e2a80000, 0x0000000100000000)
  eden space 33280K, 100% used [0x00000000e0000000,0x00000000e2080000,0x00000000e2080000)
  from space 5120K, 88% used [0x00000000e2580000,0x00000000e29f05a8,0x00000000e2a80000)
  to   space 5120K, 0% used [0x00000000e2080000,0x00000000e2080000,0x00000000e2580000)
 ParOldGen       total 87552K, used 16K [0x00000000a0000000, 0x00000000a5580000, 0x00000000e0000000)
  object space 87552K, 0% used [0x00000000a0000000,0x00000000a0004000,0x00000000a5580000)
 Metaspace       used 13386K, capacity 13784K, committed 14080K, reserved 1060864K
  class space    used 1844K, capacity 1998K, committed 2048K, reserved 1048576K
Event: 3.991 GC heap after
Heap after GC invocations=3 (full 0):
 PSYoungGen      total 38400K, used 5104K [0x00000000e0000000, 0x00000000e2a80000, 0x0000000100000000)
  eden space 33280K, 0% used [0x00000000e0000000,0x00000000e0000000,0x00000000e2080000)
  from space 5120K, 99% used [0x00000000e2080000,0x00000000e257c010,0x00000000e2580000)
  to   space 5120K, 0% used [0x00000000e2580000,0x00000000e2580000,0x00000000e2a80000)
 ParOldGen       total 87552K, used 1815K [0x00000000a0000000, 0x00000000a5580000, 0x00000000e0000000)
  object space 87552K, 2% used [0x00000000a0000000,0x00000000a01c5f18,0x00000000a5580000)
 Metaspace       used 13386K, capacity 13784K, committed 14080K, reserved 1060864K
  class space    used 1844K, capacity 1998K, committed 2048K, reserved 1048576K
}

Deoptimization events (10 events):
Event: 3.574 Thread 0x0000000019403800 Uncommon trap: reason=bimorphic action=maybe_recompile pc=0x0000000002bb287c method=java.util.HashMap.putVal(ILjava/lang/Object;Ljava/lang/Object;ZZ)Ljava/lang/Object; @ 253
Event: 3.574 Thread 0x0000000019403800 Uncommon trap: reason=bimorphic action=maybe_recompile pc=0x0000000002bb287c method=java.util.HashMap.putVal(ILjava/lang/Object;Ljava/lang/Object;ZZ)Ljava/lang/Object; @ 253
Event: 3.574 Thread 0x0000000019403800 Uncommon trap: reason=bimorphic action=maybe_recompile pc=0x0000000002bb287c method=java.util.HashMap.putVal(ILjava/lang/Object;Ljava/lang/Object;ZZ)Ljava/lang/Object; @ 253
Event: 3.574 Thread 0x0000000019403800 Uncommon trap: reason=bimorphic action=maybe_recompile pc=0x0000000002bb287c method=java.util.HashMap.putVal(ILjava/lang/Object;Ljava/lang/Object;ZZ)Ljava/lang/Object; @ 253
Event: 3.574 Thread 0x0000000019403800 Uncommon trap: reason=bimorphic action=maybe_recompile pc=0x0000000002badd5c method=java.util.HashMap.putVal(ILjava/lang/Object;Ljava/lang/Object;ZZ)Ljava/lang/Object; @ 253
Event: 3.973 Thread 0x0000000019403800 Uncommon trap: reason=class_check action=maybe_recompile pc=0x0000000002c077d8 method=java.util.regex.Matcher.match(II)Z @ 86
Event: 3.997 Thread 0x0000000019403800 Uncommon trap: reason=class_check action=maybe_recompile pc=0x0000000002c077d8 method=java.util.regex.Matcher.match(II)Z @ 86
Event: 3.998 Thread 0x0000000019403800 Uncommon trap: reason=class_check action=maybe_recompile pc=0x0000000002c077d8 method=java.util.regex.Matcher.match(II)Z @ 86
Event: 3.998 Thread 0x0000000019403800 Uncommon trap: reason=class_check action=maybe_recompile pc=0x0000000002bbd89c method=java.util.regex.Matcher.match(II)Z @ 86
Event: 4.309 Thread 0x0000000019403800 Uncommon trap: reason=unstable_if action=reinterpret pc=0x0000000002cd09b4 method=java.lang.String.lastIndexOf([CII[CIII)I @ 66

Classes redefined (0 events):
No events

Internal exceptions (10 events):
Event: 3.496 Thread 0x000000001832a000 Exception <a 'java/lang/NoSuchMethodError': <clinit>> (0x00000000e0a80c78) thrown at [D:\src\AOSP-openjdk-cygwin\jdk8u\hotspot\src\share\vm\prims\jni.cpp, line 1614]
Event: 3.498 Thread 0x000000001832a000 Exception <a 'java/lang/NoSuchMethodError': <clinit>> (0x00000000e0a95b80) thrown at [D:\src\AOSP-openjdk-cygwin\jdk8u\hotspot\src\share\vm\prims\jni.cpp, line 1614]
Event: 3.503 Thread 0x000000001832a000 Exception <a 'java/lang/NoSuchMethodError': <clinit>> (0x00000000e0aa9208) thrown at [D:\src\AOSP-openjdk-cygwin\jdk8u\hotspot\src\share\vm\prims\jni.cpp, line 1614]
Event: 3.509 Thread 0x000000001832a000 Exception <a 'java/lang/NoSuchMethodError': <clinit>> (0x00000000e0ad05b8) thrown at [D:\src\AOSP-openjdk-cygwin\jdk8u\hotspot\src\share\vm\prims\jni.cpp, line 1614]
Event: 3.512 Thread 0x000000001832a000 Exception <a 'java/lang/NoSuchMethodError': <clinit>> (0x00000000e0ae8600) thrown at [D:\src\AOSP-openjdk-cygwin\jdk8u\hotspot\src\share\vm\prims\jni.cpp, line 1614]
Event: 3.513 Thread 0x000000001832a000 Exception <a 'java/lang/NoSuchMethodError': <clinit>> (0x00000000e0af1290) thrown at [D:\src\AOSP-openjdk-cygwin\jdk8u\hotspot\src\share\vm\prims\jni.cpp, line 1614]
Event: 3.516 Thread 0x000000001832a000 Exception <a 'java/lang/NoSuchMethodError': <clinit>> (0x00000000e0b078d8) thrown at [D:\src\AOSP-openjdk-cygwin\jdk8u\hotspot\src\share\vm\prims\jni.cpp, line 1614]
Event: 3.532 Thread 0x000000001832a000 Exception <a 'java/lang/NoSuchMethodError': <clinit>> (0x00000000e0b70768) thrown at [D:\src\AOSP-openjdk-cygwin\jdk8u\hotspot\src\share\vm\prims\jni.cpp, line 1614]
Event: 3.537 Thread 0x000000001832a000 Exception <a 'java/lang/NoSuchMethodError': <clinit>> (0x00000000e0b9d268) thrown at [D:\src\AOSP-openjdk-cygwin\jdk8u\hotspot\src\share\vm\prims\jni.cpp, line 1614]
Event: 3.540 Thread 0x000000001832a000 Exception <a 'java/lang/NoSuchMethodError': <clinit>> (0x00000000e0bbaca0) thrown at [D:\src\AOSP-openjdk-cygwin\jdk8u\hotspot\src\share\vm\prims\jni.cpp, line 1614]

Events (10 events):
Event: 4.358 loading class com/google/common/base/Splitter$SplittingIterator
Event: 4.358 loading class com/google/common/base/Splitter$SplittingIterator done
Event: 4.359 loading class com/google/common/base/AbstractIterator
Event: 4.359 loading class com/google/common/base/AbstractIterator done
Event: 4.359 loading class com/google/common/base/Splitter$1$1
Event: 4.359 loading class com/google/common/base/Splitter$1$1 done
Event: 4.361 loading class com/google/common/base/AbstractIterator$State
Event: 4.361 loading class com/google/common/base/AbstractIterator$State done
Event: 4.361 loading class com/google/common/base/AbstractIterator$1
Event: 4.361 loading class com/google/common/base/AbstractIterator$1 done


Dynamic libraries:
0x00007ff6bfb60000 - 0x00007ff6bfb91000 	C:\Program Files\Android\Android Studio\jre\bin\java.exe
0x00007ffb2b6b0000 - 0x00007ffb2b8a5000 	C:\WINDOWS\SYSTEM32\ntdll.dll
0x00007ffb29720000 - 0x00007ffb297dd000 	C:\WINDOWS\System32\KERNEL32.DLL
0x00007ffb29260000 - 0x00007ffb29527000 	C:\WINDOWS\System32\KERNELBASE.dll
0x00007ffb2b580000 - 0x00007ffb2b62a000 	C:\WINDOWS\System32\ADVAPI32.dll
0x00007ffb29930000 - 0x00007ffb299ce000 	C:\WINDOWS\System32\msvcrt.dll
0x00007ffb2b210000 - 0x00007ffb2b2ab000 	C:\WINDOWS\System32\sechost.dll
0x00007ffb2ad90000 - 0x00007ffb2aeb3000 	C:\WINDOWS\System32\RPCRT4.dll
0x00007ffb2abd0000 - 0x00007ffb2ad70000 	C:\WINDOWS\System32\USER32.dll
0x00007ffb29230000 - 0x00007ffb29252000 	C:\WINDOWS\System32\win32u.dll
0x00007ffb2b2b0000 - 0x00007ffb2b2da000 	C:\WINDOWS\System32\GDI32.dll
0x00007ffb290a0000 - 0x00007ffb291aa000 	C:\WINDOWS\System32\gdi32full.dll
0x00007ffb29530000 - 0x00007ffb295cd000 	C:\WINDOWS\System32\msvcp_win.dll
0x00007ffb295d0000 - 0x00007ffb296d0000 	C:\WINDOWS\System32\ucrtbase.dll
0x00007ffb1e280000 - 0x00007ffb1e51a000 	C:\WINDOWS\WinSxS\amd64_microsoft.windows.common-controls_6595b64144ccf1df_6.0.19041.1_none_b555e41d4684ddec\COMCTL32.dll
0x00007ffb2b640000 - 0x00007ffb2b670000 	C:\WINDOWS\System32\IMM32.DLL
0x0000000054f70000 - 0x0000000055042000 	C:\Program Files\Android\Android Studio\jre\jre\bin\msvcr100.dll
0x0000000055050000 - 0x0000000055896000 	C:\Program Files\Android\Android Studio\jre\jre\bin\server\jvm.dll
0x00007ffb2b630000 - 0x00007ffb2b638000 	C:\WINDOWS\System32\PSAPI.DLL
0x00007ffb23d30000 - 0x00007ffb23d3a000 	C:\WINDOWS\SYSTEM32\VERSION.dll
0x00007ffb24fb0000 - 0x00007ffb24fb9000 	C:\WINDOWS\SYSTEM32\WSOCK32.dll
0x00007ffb22a40000 - 0x00007ffb22a67000 	C:\WINDOWS\SYSTEM32\WINMM.dll
0x00007ffb2b3f0000 - 0x00007ffb2b45b000 	C:\WINDOWS\System32\WS2_32.dll
0x00007ffad3450000 - 0x00007ffad345f000 	C:\Program Files\Android\Android Studio\jre\jre\bin\verify.dll
0x00007ffad3470000 - 0x00007ffad3499000 	C:\Program Files\Android\Android Studio\jre\jre\bin\java.dll
0x00007ffae6460000 - 0x00007ffae6476000 	C:\Program Files\Android\Android Studio\jre\jre\bin\zip.dll
0x00007ffb29fd0000 - 0x00007ffb2a710000 	C:\WINDOWS\System32\SHELL32.dll
0x00007ffb26d40000 - 0x00007ffb274d1000 	C:\WINDOWS\SYSTEM32\windows.storage.dll
0x00007ffb2a720000 - 0x00007ffb2aa73000 	C:\WINDOWS\System32\combase.dll
0x00007ffb287b0000 - 0x00007ffb287dc000 	C:\WINDOWS\SYSTEM32\Wldp.dll
0x00007ffb2b160000 - 0x00007ffb2b20e000 	C:\WINDOWS\System32\SHCORE.dll
0x00007ffb298c0000 - 0x00007ffb29915000 	C:\WINDOWS\System32\shlwapi.dll
0x00007ffb28d40000 - 0x00007ffb28d5f000 	C:\WINDOWS\SYSTEM32\profapi.dll
0x00007ffad0200000 - 0x00007ffad021a000 	C:\Program Files\Android\Android Studio\jre\jre\bin\net.dll
0x00007ffb1fe10000 - 0x00007ffb1fffd000 	C:\WINDOWS\SYSTEM32\urlmon.dll
0x00007ffb199d0000 - 0x00007ffb19c7f000 	C:\WINDOWS\SYSTEM32\iertutil.dll
0x00007ffb28530000 - 0x00007ffb2859a000 	C:\WINDOWS\system32\mswsock.dll
0x00007ffacfe80000 - 0x00007ffacfe93000 	C:\Program Files\Android\Android Studio\jre\jre\bin\nio.dll
0x00007ffb1e160000 - 0x00007ffb1e186000 	C:\Users\vakal\.gradle\native\29\windows-amd64\native-platform.dll
0x00007ffada4e0000 - 0x00007ffada4ed000 	C:\Program Files\Android\Android Studio\jre\jre\bin\management.dll
0x00007ffb28710000 - 0x00007ffb28728000 	C:\WINDOWS\SYSTEM32\CRYPTSP.dll
0x00007ffb27ec0000 - 0x00007ffb27ef4000 	C:\WINDOWS\system32\rsaenh.dll
0x00007ffb28e00000 - 0x00007ffb28e27000 	C:\WINDOWS\System32\bcrypt.dll
0x00007ffb28c90000 - 0x00007ffb28cbe000 	C:\WINDOWS\SYSTEM32\USERENV.dll
0x00007ffb291b0000 - 0x00007ffb2922f000 	C:\WINDOWS\System32\bcryptprimitives.dll
0x00007ffb28700000 - 0x00007ffb2870c000 	C:\WINDOWS\SYSTEM32\CRYPTBASE.dll
0x00007ffb28220000 - 0x00007ffb2825b000 	C:\WINDOWS\SYSTEM32\IPHLPAPI.DLL
0x00007ffb2a710000 - 0x00007ffb2a719000 	C:\WINDOWS\System32\NSI.dll
0x00007ffb227c0000 - 0x00007ffb227d7000 	C:\WINDOWS\SYSTEM32\dhcpcsvc6.DLL
0x00007ffb22420000 - 0x00007ffb2243d000 	C:\WINDOWS\SYSTEM32\dhcpcsvc.DLL
0x00007ffb28270000 - 0x00007ffb2833a000 	C:\WINDOWS\SYSTEM32\DNSAPI.dll

VM Arguments:
jvm_args: -Xmx1536m -Dfile.encoding=windows-1252 -Duser.country=IN -Duser.language=en -Duser.variant 
java_command: org.gradle.launcher.daemon.bootstrap.GradleDaemon 5.4.1
java_class_path (initial): C:\Users\vakal\.gradle\wrapper\dists\gradle-5.4.1-all\3221gyojl5jsh0helicew7rwx\gradle-5.4.1\lib\gradle-launcher-5.4.1.jar
Launcher Type: SUN_STANDARD

Environment Variables:
PATH=C:\Program Files (x86)\Common Files\Intel\Shared Libraries\redist\intel64\compiler;C:\WINDOWS\system32;C:\WINDOWS;C:\WINDOWS\System32\Wbem;C:\WINDOWS\System32\WindowsPowerShell\v1.0\;C:\Program Files (x86)\QuickTime\QTSystem\;C:\WINDOWS\System32\OpenSSH\;C:\Program Files\Intel\WiFi\bin\;C:\Program Files\Common Files\Intel\WirelessCommon\;C:\Program Files\MATLAB\R2018a\runtime\win64;C:\Program Files\MATLAB\R2018a\bin;C:\Program Files (x86)\Microsoft SQL Server\150\DTS\Binn\;C:\Program Files\Microsoft SQL Server\Client SDK\ODBC\170\Tools\Binn\;C:\Program Files (x86)\Microsoft SQL Server\150\Tools\Binn\;C:\Program Files\Microsoft SQL Server\150\Tools\Binn\;C:\Program Files\Microsoft SQL Server\150\DTS\Binn\;C:\Users\vakal\AppData\Local\Microsoft\WindowsApps;
USERNAME=vakal
OS=Windows_NT
PROCESSOR_IDENTIFIER=Intel64 Family 6 Model 78 Stepping 3, GenuineIntel



---------------  S Y S T E M  ---------------

OS: Windows 10.0 , 64 bit Build 19041 (10.0.19041.292)

CPU:total 4 (initial active 4) (2 cores per cpu, 2 threads per core) family 6 model 78 stepping 3, cmov, cx8, fxsr, mmx, sse, sse2, sse3, ssse3, sse4.1, sse4.2, popcnt, avx, avx2, aes, clmul, erms, 3dnowpref, lzcnt, ht, tsc, tscinvbit, bmi1, bmi2, adx

Memory: 4k page, physical 8277996k(979908k free), swap 10229740k(5120k free)

vm_info: OpenJDK 64-Bit Server VM (25.212-b04) for windows-amd64 JRE (1.8.0_212-release-1586-b04), built by "builder" with MS VC++ 10.0 (VS2010)

time: Sun Sep 06 11:48:10 2020
timezone: India Standard Time
elapsed time: 4 seconds (0d 0h 0m 4s)

